<?xml version="1.0" encoding="UTF-8"?>
<!-- Generated by org.testng.reporters.JUnitXMLReporter -->
<testsuite ignored="0" hostname="DESKTOP-0L5D1S3" failures="3" tests="6" name="Test" time="30.766" errors="0" timestamp="2025-02-03T09:02:27 IST">
  <testcase classname="amazon.VerifyInvalidPasswordErrorMsg" name="movetoAccountsandLists" time="15.723"/>
  <testcase classname="amazon.VerifyInvalidPasswordErrorMsg" name="clickOnSignInButton" time="3.535">
    <failure type="java.lang.AssertionError" message="expected [xyz] but found [abc]">
      <![CDATA[java.lang.AssertionError: expected [xyz] but found [abc]
at amazon.VerifyInvalidPasswordErrorMsg.clickOnSignInButton(VerifyInvalidPasswordErrorMsg.java:35)
at java.base/java.util.ArrayList.forEach(ArrayList.java:1511)
... Removed 31 stack frames]]>
    </failure>
  </testcase> <!-- clickOnSignInButton -->
  <testcase classname="amazon.VerifyInvalidPasswordErrorMsg" name="enterUserName" time="2.098"/>
  <testcase classname="amazon.VerifyInvalidPasswordErrorMsg" name="clickOnContinueButton" time="2.543">
    <failure type="java.lang.AssertionError" message="expected [xyz] but found [abc]">
      <![CDATA[java.lang.AssertionError: expected [xyz] but found [abc]
at amazon.VerifyInvalidPasswordErrorMsg.clickOnContinueButton(VerifyInvalidPasswordErrorMsg.java:50)
at java.base/java.util.ArrayList.forEach(ArrayList.java:1511)
... Removed 31 stack frames]]>
    </failure>
  </testcase> <!-- clickOnContinueButton -->
  <testcase classname="amazon.VerifyInvalidPasswordErrorMsg" name="enterPasswordAndClickOnSignButton" time="2.369"/>
  <testcase classname="amazon.VerifyInvalidPasswordErrorMsg" name="verifyInvalidLoginPageErrorMsg" time="4.049">
    <failure type="java.lang.AssertionError" message="expected [Your password is incorrect1111] but found [Your password is incorrect]">
      <![CDATA[java.lang.AssertionError: expected [Your password is incorrect1111] but found [Your password is incorrect]
at amazon.VerifyInvalidPasswordErrorMsg.verifyInvalidLoginPageErrorMsg(VerifyInvalidPasswordErrorMsg.java:70)
at java.base/java.util.ArrayList.forEach(ArrayList.java:1511)
... Removed 31 stack frames]]>
    </failure>
  </testcase> <!-- verifyInvalidLoginPageErrorMsg -->
</testsuite> <!-- Test -->
